<?xml version="1.0" encoding="UTF-8"?>
<!-- Generated by org.testng.reporters.JUnitReportReporter -->
<testsuite hostname="DESKTOP-264VL6T" failures="0" tests="2" name="testCases.LoginPageTest" time="147.862" errors="0" timestamp="2025-04-11T17:35:30 CEST" skipped="0">
  <testcase classname="testCases.LoginPageTest" name="validateImageTest" time="25.000"/>
  <testcase classname="testCases.LoginPageTest" name="loginTest" time="122.862"/>
</testsuite> <!-- testCases.LoginPageTest -->
