<?xml version="1.0" encoding="UTF-8"?>
<!-- Generated by org.testng.reporters.JUnitReportReporter -->
<testsuite hostname="DESKTOP-264VL6T" failures="0" tests="3" name="testCases.ContactsPageText" time="149.302" errors="0" timestamp="2025-01-22T13:13:47 CET" skipped="0">
  <testcase classname="testCases.ContactsPageText" name="verifyContactsPageLabelTest" time="44.264"/>
  <testcase classname="testCases.ContactsPageText" name="selectSingleContactsTest" time="45.966"/>
  <testcase classname="testCases.ContactsPageText" name="selectMultipleContactsTest" time="59.072"/>
</testsuite> <!-- testCases.ContactsPageText -->
