<?xml version="1.0" encoding="UTF-8"?>
<!-- Generated by org.testng.reporters.JUnitReportReporter -->
<testsuite hostname="DESKTOP-264VL6T" failures="0" tests="3" name="testCases.HomePageTest" time="130.369" errors="0" timestamp="2025-04-11T17:35:30 CEST" skipped="0">
  <testcase classname="testCases.HomePageTest" name="verifyHomePageTitle" time="41.103"/>
  <testcase classname="testCases.HomePageTest" name="verifyContactsLinkTest" time="44.895"/>
  <testcase classname="testCases.HomePageTest" name="verifyUserNameTest" time="44.371"/>
</testsuite> <!-- testCases.HomePageTest -->
