<?xml version="1.0" encoding="UTF-8"?>
<!-- Generated by org.testng.reporters.JUnitReportReporter -->
<testsuite hostname="DESKTOP-264VL6T" failures="0" tests="2" name="testCases.LoginPageTest" time="43.491" errors="0" timestamp="2025-04-14T19:43:43 CEST" skipped="0">
  <testcase classname="testCases.LoginPageTest" name="validateImageTest" time="13.373"/>
  <testcase classname="testCases.LoginPageTest" name="loginTest" time="30.118"/>
</testsuite> <!-- testCases.LoginPageTest -->
