<?xml version="1.0" encoding="UTF-8"?>
<!-- Generated by org.testng.reporters.JUnitReportReporter -->
<testsuite hostname="DESKTOP-264VL6T" failures="0" tests="3" name="testCases.HomePageTest" time="88.155" errors="0" timestamp="2025-04-14T19:43:43 CEST" skipped="0">
  <testcase classname="testCases.HomePageTest" name="verifyContactsLinkTest" time="15.535"/>
  <testcase classname="testCases.HomePageTest" name="verifyHomePageTitle" time="44.701"/>
  <testcase classname="testCases.HomePageTest" name="verifyUserNameTest" time="27.919"/>
</testsuite> <!-- testCases.HomePageTest -->
